<?xml version="1.0" encoding="UTF-8"?>
<!-- Generated by org.testng.reporters.JUnitReportReporter -->
<testsuite hostname="QSP" failures="0" tests="1" name="testNg.Testacse3" time="17.666" errors="0" timestamp="2022-04-20T18:51:10 IST" skipped="0">
  <testcase classname="testNg.Testacse3" name="tc3" time="17.666"/>
</testsuite> <!-- testNg.Testacse3 -->
