<?xml version="1.0" encoding="UTF-8"?>
<!-- Generated by org.testng.reporters.JUnitReportReporter -->
<testsuite hostname="QSP" failures="0" tests="1" name="testNg.Testacse2" time="8.937" errors="0" timestamp="2022-04-20T18:51:10 IST" skipped="0">
  <testcase classname="testNg.Testacse2" name="tc2" time="8.937"/>
</testsuite> <!-- testNg.Testacse2 -->
