<?xml version="1.0" encoding="UTF-8"?>
<!-- Generated by org.testng.reporters.JUnitReportReporter -->
<testsuite hostname="QSP" failures="0" tests="1" name="testNg.Test0" time="0.029" errors="0" timestamp="2022-04-20T17:40:47 IST" skipped="0">
  <testcase classname="testNg.Test0" name="tc1" time="0.029"/>
</testsuite> <!-- testNg.Test0 -->
