<?xml version="1.0" encoding="UTF-8"?>
<!-- Generated by org.testng.reporters.JUnitReportReporter -->
<testsuite hostname="QSP" failures="0" tests="7" name="testNg.Test1" time="0.042" errors="0" timestamp="2022-04-20T18:08:24 IST" skipped="1">
  <testcase classname="testNg.Test1" name="chats" time="0.002"/>
  <testcase classname="testNg.Test1" name="calls" time="0.027"/>
  <testcase classname="testNg.Test1" name="calls" time="0.005"/>
  <testcase classname="testNg.Test1" name="calls" time="0.002"/>
  <testcase classname="testNg.Test1" name="calls" time="0.001"/>
  <testcase classname="testNg.Test1" name="calls" time="0.005"/>
  <testcase classname="testNg.Test1" name="settings">
    <skipped/>
  </testcase> <!-- settings -->
</testsuite> <!-- testNg.Test1 -->
