<?xml version="1.0" encoding="UTF-8"?>
<!-- Generated by org.testng.reporters.JUnitReportReporter -->
<testsuite hostname="QSP" failures="0" tests="1" name="testNg.Testacse1" time="11.746" errors="0" timestamp="2022-04-20T18:51:10 IST" skipped="0">
  <testcase classname="testNg.Testacse1" name="tc1" time="11.746"/>
</testsuite> <!-- testNg.Testacse1 -->
