<?xml version="1.0" encoding="UTF-8"?>
<!-- Generated by org.testng.reporters.JUnitReportReporter -->
<testsuite hostname="QSP" failures="0" tests="1" name="testNg.Testacse1" time="12.524" errors="0" timestamp="2022-04-21T18:48:44 IST" skipped="0">
  <testcase classname="testNg.Testacse1" name="tc1" time="12.524"/>
</testsuite> <!-- testNg.Testacse1 -->
